2014/06/07 12:48:01 [error] [exception.CException] exception 'CException' with message 'Property "TransaksiTiket.Kelas_id" is not defined.' in C:\xampp\htdocs\Yii\framework\base\CComponent.php:130
Stack trace:
#0 C:\xampp\htdocs\Yii\framework\db\ar\CActiveRecord.php(145): CComponent->__get('Kelas_id')
#1 C:\xampp\htdocs\Yii\framework\db\ar\CActiveFinder.php(656): CActiveRecord->__get('Kelas_id')
#2 C:\xampp\htdocs\Yii\framework\db\ar\CActiveFinder.php(500): CJoinElement->applyLazyCondition(Object(CJoinQuery), Object(TransaksiTiket))
#3 C:\xampp\htdocs\Yii\framework\db\ar\CActiveFinder.php(163): CJoinElement->lazyFind(Object(TransaksiTiket))
#4 C:\xampp\htdocs\Yii\framework\db\ar\CActiveRecord.php(281): CActiveFinder->lazyFind(Object(TransaksiTiket))
#5 C:\xampp\htdocs\Yii\framework\db\ar\CActiveRecord.php(143): CActiveRecord->getRelated('kelas')
#6 C:\xampp\htdocs\Yii\framework\base\CComponent.php(612) : eval()'d code(2): CActiveRecord->__get('kelas')
#7 C:\xampp\htdocs\Yii\framework\base\CComponent.php(612): eval()
#8 C:\xampp\htdocs\Yii\framework\zii\widgets\grid\CDataColumn.php(137): CComponent->evaluateExpression('CHtml::encode(?...', Array)
#9 C:\xampp\htdocs\Yii\framework\zii\widgets\grid\CGridColumn.php(151): CDataColumn->renderDataCellContent(0, Object(TransaksiTiket))
#10 C:\xampp\htdocs\Yii\framework\zii\widgets\grid\CGridView.php(616): CGridColumn->renderDataCell(0)
#11 C:\xampp\htdocs\Yii\framework\zii\widgets\grid\CGridView.php(572): CGridView->renderTableRow(0)
#12 C:\xampp\htdocs\Yii\framework\zii\widgets\grid\CGridView.php(482): CGridView->renderTableBody()
#13 C:\xampp\htdocs\Yii\framework\zii\widgets\CBaseListView.php(167): CGridView->renderItems()
#14 [internal function]: CBaseListView->renderSection(Array)
#15 C:\xampp\htdocs\Yii\framework\zii\widgets\CBaseListView.php(150): preg_replace_callback('/{(\w+)}/', Array, '{summary}?{item...')
#16 C:\xampp\htdocs\Yii\framework\zii\widgets\CBaseListView.php(135): CBaseListView->renderContent()
#17 C:\xampp\htdocs\Yii\framework\web\CBaseController.php(173): CBaseListView->run()
#18 C:\xampp\htdocs\ticketkeretaweb\protected\views\transaksiTiket\relasi.php(118): CBaseController->widget('zii.widgets.gri...', Array)
#19 C:\xampp\htdocs\Yii\framework\web\CBaseController.php(126): require('C:\xampp\htdocs...')
#20 C:\xampp\htdocs\Yii\framework\web\CBaseController.php(95): CBaseController->renderInternal('C:\xampp\htdocs...', Array, true)
#21 C:\xampp\htdocs\Yii\framework\web\CController.php(869): CBaseController->renderFile('C:\xampp\htdocs...', Array, true)
#22 C:\xampp\htdocs\Yii\framework\web\CController.php(782): CController->renderPartial('relasi', Array, true)
#23 C:\xampp\htdocs\ticketkeretaweb\protected\controllers\TransaksiTiketController.php(155): CController->render('relasi', Array)
#24 C:\xampp\htdocs\Yii\framework\web\actions\CInlineAction.php(49): TransaksiTiketController->actionRelasi()
#25 C:\xampp\htdocs\Yii\framework\web\CController.php(308): CInlineAction->runWithParams(Array)
#26 C:\xampp\htdocs\Yii\framework\web\filters\CFilterChain.php(133): CController->runAction(Object(CInlineAction))
#27 C:\xampp\htdocs\Yii\framework\web\filters\CFilter.php(40): CFilterChain->run()
#28 C:\xampp\htdocs\Yii\framework\web\CController.php(1145): CFilter->filter(Object(CFilterChain))
#29 C:\xampp\htdocs\Yii\framework\web\filters\CInlineFilter.php(58): CController->filterAccessControl(Object(CFilterChain))
#30 C:\xampp\htdocs\Yii\framework\web\filters\CFilterChain.php(130): CInlineFilter->filter(Object(CFilterChain))
#31 C:\xampp\htdocs\Yii\framework\web\CController.php(291): CFilterChain->run()
#32 C:\xampp\htdocs\Yii\framework\web\CController.php(265): CController->runActionWithFilters(Object(CInlineAction), Array)
#33 C:\xampp\htdocs\Yii\framework\web\CWebApplication.php(282): CController->run('relasi')
#34 C:\xampp\htdocs\Yii\framework\web\CWebApplication.php(141): CWebApplication->runController('transaksitiket/...')
#35 C:\xampp\htdocs\Yii\framework\base\CApplication.php(180): CWebApplication->processRequest()
#36 C:\xampp\htdocs\ticketkeretaweb\index.php(13): CApplication->run()
#37 {main}
REQUEST_URI=/ticketkeretaweb/index.php?r=transaksitiket/relasi
HTTP_REFERER=http://localhost/ticketkeretaweb/index.php?r=transaksitiket
---
2014/06/07 12:50:20 [error] [exception.CException] exception 'CException' with message 'Property "TransaksiTiket.Kelas_id" is not defined.' in C:\xampp\htdocs\Yii\framework\base\CComponent.php:130
Stack trace:
#0 C:\xampp\htdocs\Yii\framework\db\ar\CActiveRecord.php(145): CComponent->__get('Kelas_id')
#1 C:\xampp\htdocs\Yii\framework\db\ar\CActiveFinder.php(656): CActiveRecord->__get('Kelas_id')
#2 C:\xampp\htdocs\Yii\framework\db\ar\CActiveFinder.php(500): CJoinElement->applyLazyCondition(Object(CJoinQuery), Object(TransaksiTiket))
#3 C:\xampp\htdocs\Yii\framework\db\ar\CActiveFinder.php(163): CJoinElement->lazyFind(Object(TransaksiTiket))
#4 C:\xampp\htdocs\Yii\framework\db\ar\CActiveRecord.php(281): CActiveFinder->lazyFind(Object(TransaksiTiket))
#5 C:\xampp\htdocs\Yii\framework\db\ar\CActiveRecord.php(143): CActiveRecord->getRelated('kelas')
#6 C:\xampp\htdocs\Yii\framework\base\CComponent.php(612) : eval()'d code(2): CActiveRecord->__get('kelas')
#7 C:\xampp\htdocs\Yii\framework\base\CComponent.php(612): eval()
#8 C:\xampp\htdocs\Yii\framework\zii\widgets\grid\CDataColumn.php(137): CComponent->evaluateExpression('CHtml::encode(?...', Array)
#9 C:\xampp\htdocs\Yii\framework\zii\widgets\grid\CGridColumn.php(151): CDataColumn->renderDataCellContent(0, Object(TransaksiTiket))
#10 C:\xampp\htdocs\Yii\framework\zii\widgets\grid\CGridView.php(616): CGridColumn->renderDataCell(0)
#11 C:\xampp\htdocs\Yii\framework\zii\widgets\grid\CGridView.php(572): CGridView->renderTableRow(0)
#12 C:\xampp\htdocs\Yii\framework\zii\widgets\grid\CGridView.php(482): CGridView->renderTableBody()
#13 C:\xampp\htdocs\Yii\framework\zii\widgets\CBaseListView.php(167): CGridView->renderItems()
#14 [internal function]: CBaseListView->renderSection(Array)
#15 C:\xampp\htdocs\Yii\framework\zii\widgets\CBaseListView.php(150): preg_replace_callback('/{(\w+)}/', Array, '{summary}?{item...')
#16 C:\xampp\htdocs\Yii\framework\zii\widgets\CBaseListView.php(135): CBaseListView->renderContent()
#17 C:\xampp\htdocs\Yii\framework\web\CBaseController.php(173): CBaseListView->run()
#18 C:\xampp\htdocs\ticketkeretaweb\protected\views\transaksiTiket\relasi.php(117): CBaseController->widget('zii.widgets.gri...', Array)
#19 C:\xampp\htdocs\Yii\framework\web\CBaseController.php(126): require('C:\xampp\htdocs...')
#20 C:\xampp\htdocs\Yii\framework\web\CBaseController.php(95): CBaseController->renderInternal('C:\xampp\htdocs...', Array, true)
#21 C:\xampp\htdocs\Yii\framework\web\CController.php(869): CBaseController->renderFile('C:\xampp\htdocs...', Array, true)
#22 C:\xampp\htdocs\Yii\framework\web\CController.php(782): CController->renderPartial('relasi', Array, true)
#23 C:\xampp\htdocs\ticketkeretaweb\protected\controllers\TransaksiTiketController.php(155): CController->render('relasi', Array)
#24 C:\xampp\htdocs\Yii\framework\web\actions\CInlineAction.php(49): TransaksiTiketController->actionRelasi()
#25 C:\xampp\htdocs\Yii\framework\web\CController.php(308): CInlineAction->runWithParams(Array)
#26 C:\xampp\htdocs\Yii\framework\web\filters\CFilterChain.php(133): CController->runAction(Object(CInlineAction))
#27 C:\xampp\htdocs\Yii\framework\web\filters\CFilter.php(40): CFilterChain->run()
#28 C:\xampp\htdocs\Yii\framework\web\CController.php(1145): CFilter->filter(Object(CFilterChain))
#29 C:\xampp\htdocs\Yii\framework\web\filters\CInlineFilter.php(58): CController->filterAccessControl(Object(CFilterChain))
#30 C:\xampp\htdocs\Yii\framework\web\filters\CFilterChain.php(130): CInlineFilter->filter(Object(CFilterChain))
#31 C:\xampp\htdocs\Yii\framework\web\CController.php(291): CFilterChain->run()
#32 C:\xampp\htdocs\Yii\framework\web\CController.php(265): CController->runActionWithFilters(Object(CInlineAction), Array)
#33 C:\xampp\htdocs\Yii\framework\web\CWebApplication.php(282): CController->run('relasi')
#34 C:\xampp\htdocs\Yii\framework\web\CWebApplication.php(141): CWebApplication->runController('transaksitiket/...')
#35 C:\xampp\htdocs\Yii\framework\base\CApplication.php(180): CWebApplication->processRequest()
#36 C:\xampp\htdocs\ticketkeretaweb\index.php(13): CApplication->run()
#37 {main}
REQUEST_URI=/ticketkeretaweb/index.php?r=transaksitiket/relasi
HTTP_REFERER=http://localhost/ticketkeretaweb/index.php?r=transaksitiket
---
2014/06/07 15:25:27 [error] [php] include(Keberangkatan.php) [<a href='function.include'>function.include</a>]: failed to open stream: No such file or directory (C:\xampp\htdocs\Yii\framework\YiiBase.php:427)
Stack trace:
#0 C:\xampp\htdocs\ticketkeretaweb\protected\views\transaksiTiket\_form.php(42): spl_autoload_call()
#1 C:\xampp\htdocs\Yii\framework\web\CBaseController.php(126): require()
#2 C:\xampp\htdocs\Yii\framework\web\CBaseController.php(95): TransaksiTiketController->renderInternal()
#3 C:\xampp\htdocs\Yii\framework\web\CController.php(869): TransaksiTiketController->renderFile()
#4 C:\xampp\htdocs\ticketkeretaweb\protected\views\transaksiTiket\create.php(18): TransaksiTiketController->renderPartial()
#5 C:\xampp\htdocs\Yii\framework\web\CBaseController.php(126): require()
#6 C:\xampp\htdocs\Yii\framework\web\CBaseController.php(95): TransaksiTiketController->renderInternal()
#7 C:\xampp\htdocs\Yii\framework\web\CController.php(869): TransaksiTiketController->renderFile()
#8 C:\xampp\htdocs\Yii\framework\web\CController.php(782): TransaksiTiketController->renderPartial()
#9 C:\xampp\htdocs\ticketkeretaweb\protected\controllers\TransaksiTiketController.php(79): TransaksiTiketController->render()
#10 C:\xampp\htdocs\Yii\framework\web\actions\CInlineAction.php(49): TransaksiTiketController->actionCreate()
#11 C:\xampp\htdocs\Yii\framework\web\CController.php(308): CInlineAction->runWithParams()
#12 C:\xampp\htdocs\Yii\framework\web\filters\CFilterChain.php(133): TransaksiTiketController->runAction()
#13 C:\xampp\htdocs\Yii\framework\web\filters\CFilter.php(40): CFilterChain->run()
#14 C:\xampp\htdocs\Yii\framework\web\CController.php(1145): CAccessControlFilter->filter()
#15 C:\xampp\htdocs\Yii\framework\web\filters\CInlineFilter.php(58): TransaksiTiketController->filterAccessControl()
#16 C:\xampp\htdocs\Yii\framework\web\filters\CFilterChain.php(130): CInlineFilter->filter()
#17 C:\xampp\htdocs\Yii\framework\web\CController.php(291): CFilterChain->run()
#18 C:\xampp\htdocs\Yii\framework\web\CController.php(265): TransaksiTiketController->runActionWithFilters()
#19 C:\xampp\htdocs\Yii\framework\web\CWebApplication.php(282): TransaksiTiketController->run()
#20 C:\xampp\htdocs\Yii\framework\web\CWebApplication.php(141): CWebApplication->runController()
#21 C:\xampp\htdocs\Yii\framework\base\CApplication.php(180): CWebApplication->processRequest()
#22 C:\xampp\htdocs\ticketkeretaweb\index.php(13): CWebApplication->run()
REQUEST_URI=/ticketkeretaweb/index.php?r=transaksitiket/create
in C:\xampp\htdocs\ticketkeretaweb\protected\views\transaksiTiket\_form.php (42)
in C:\xampp\htdocs\ticketkeretaweb\protected\views\transaksiTiket\create.php (18)
in C:\xampp\htdocs\ticketkeretaweb\protected\controllers\TransaksiTiketController.php (79)
2014/06/07 15:27:36 [error] [php] include(Keberangkatan.php) [<a href='function.include'>function.include</a>]: failed to open stream: No such file or directory (C:\xampp\htdocs\Yii\framework\YiiBase.php:427)
Stack trace:
#0 C:\xampp\htdocs\ticketkeretaweb\protected\views\transaksiTiket\_form.php(42): spl_autoload_call()
#1 C:\xampp\htdocs\Yii\framework\web\CBaseController.php(126): require()
#2 C:\xampp\htdocs\Yii\framework\web\CBaseController.php(95): TransaksiTiketController->renderInternal()
#3 C:\xampp\htdocs\Yii\framework\web\CController.php(869): TransaksiTiketController->renderFile()
#4 C:\xampp\htdocs\ticketkeretaweb\protected\views\transaksiTiket\create.php(18): TransaksiTiketController->renderPartial()
#5 C:\xampp\htdocs\Yii\framework\web\CBaseController.php(126): require()
#6 C:\xampp\htdocs\Yii\framework\web\CBaseController.php(95): TransaksiTiketController->renderInternal()
#7 C:\xampp\htdocs\Yii\framework\web\CController.php(869): TransaksiTiketController->renderFile()
#8 C:\xampp\htdocs\Yii\framework\web\CController.php(782): TransaksiTiketController->renderPartial()
#9 C:\xampp\htdocs\ticketkeretaweb\protected\controllers\TransaksiTiketController.php(79): TransaksiTiketController->render()
#10 C:\xampp\htdocs\Yii\framework\web\actions\CInlineAction.php(49): TransaksiTiketController->actionCreate()
#11 C:\xampp\htdocs\Yii\framework\web\CController.php(308): CInlineAction->runWithParams()
#12 C:\xampp\htdocs\Yii\framework\web\filters\CFilterChain.php(133): TransaksiTiketController->runAction()
#13 C:\xampp\htdocs\Yii\framework\web\filters\CFilter.php(40): CFilterChain->run()
#14 C:\xampp\htdocs\Yii\framework\web\CController.php(1145): CAccessControlFilter->filter()
#15 C:\xampp\htdocs\Yii\framework\web\filters\CInlineFilter.php(58): TransaksiTiketController->filterAccessControl()
#16 C:\xampp\htdocs\Yii\framework\web\filters\CFilterChain.php(130): CInlineFilter->filter()
#17 C:\xampp\htdocs\Yii\framework\web\CController.php(291): CFilterChain->run()
#18 C:\xampp\htdocs\Yii\framework\web\CController.php(265): TransaksiTiketController->runActionWithFilters()
#19 C:\xampp\htdocs\Yii\framework\web\CWebApplication.php(282): TransaksiTiketController->run()
#20 C:\xampp\htdocs\Yii\framework\web\CWebApplication.php(141): CWebApplication->runController()
#21 C:\xampp\htdocs\Yii\framework\base\CApplication.php(180): CWebApplication->processRequest()
#22 C:\xampp\htdocs\ticketkeretaweb\index.php(13): CWebApplication->run()
REQUEST_URI=/ticketkeretaweb/index.php?r=transaksitiket/create
in C:\xampp\htdocs\ticketkeretaweb\protected\views\transaksiTiket\_form.php (42)
in C:\xampp\htdocs\ticketkeretaweb\protected\views\transaksiTiket\create.php (18)
in C:\xampp\htdocs\ticketkeretaweb\protected\controllers\TransaksiTiketController.php (79)
2014/06/07 15:34:59 [error] [exception.CException] exception 'CException' with message 'CActiveForm and its behaviors do not have a method or closure named "date_default_timezone_get".' in C:\xampp\htdocs\Yii\framework\base\CComponent.php:266
Stack trace:
#0 [internal function]: CComponent->__call('date_default_ti...', Array)
#1 C:\xampp\htdocs\ticketkeretaweb\protected\views\transaksiTiket\_form.php(56): CActiveForm->date_default_timezone_get(Object(TransaksiTiket), 'Tgl_Berangkat')
#2 C:\xampp\htdocs\Yii\framework\web\CBaseController.php(126): require('C:\xampp\htdocs...')
#3 C:\xampp\htdocs\Yii\framework\web\CBaseController.php(95): CBaseController->renderInternal('C:\xampp\htdocs...', Array, true)
#4 C:\xampp\htdocs\Yii\framework\web\CController.php(869): CBaseController->renderFile('C:\xampp\htdocs...', Array, true)
#5 C:\xampp\htdocs\ticketkeretaweb\protected\views\transaksiTiket\create.php(18): CController->renderPartial('_form', Array)
#6 C:\xampp\htdocs\Yii\framework\web\CBaseController.php(126): require('C:\xampp\htdocs...')
#7 C:\xampp\htdocs\Yii\framework\web\CBaseController.php(95): CBaseController->renderInternal('C:\xampp\htdocs...', Array, true)
#8 C:\xampp\htdocs\Yii\framework\web\CController.php(869): CBaseController->renderFile('C:\xampp\htdocs...', Array, true)
#9 C:\xampp\htdocs\Yii\framework\web\CController.php(782): CController->renderPartial('create', Array, true)
#10 C:\xampp\htdocs\ticketkeretaweb\protected\controllers\TransaksiTiketController.php(79): CController->render('create', Array)
#11 C:\xampp\htdocs\Yii\framework\web\actions\CInlineAction.php(49): TransaksiTiketController->actionCreate()
#12 C:\xampp\htdocs\Yii\framework\web\CController.php(308): CInlineAction->runWithParams(Array)
#13 C:\xampp\htdocs\Yii\framework\web\filters\CFilterChain.php(133): CController->runAction(Object(CInlineAction))
#14 C:\xampp\htdocs\Yii\framework\web\filters\CFilter.php(40): CFilterChain->run()
#15 C:\xampp\htdocs\Yii\framework\web\CController.php(1145): CFilter->filter(Object(CFilterChain))
#16 C:\xampp\htdocs\Yii\framework\web\filters\CInlineFilter.php(58): CController->filterAccessControl(Object(CFilterChain))
#17 C:\xampp\htdocs\Yii\framework\web\filters\CFilterChain.php(130): CInlineFilter->filter(Object(CFilterChain))
#18 C:\xampp\htdocs\Yii\framework\web\CController.php(291): CFilterChain->run()
#19 C:\xampp\htdocs\Yii\framework\web\CController.php(265): CController->runActionWithFilters(Object(CInlineAction), Array)
#20 C:\xampp\htdocs\Yii\framework\web\CWebApplication.php(282): CController->run('create')
#21 C:\xampp\htdocs\Yii\framework\web\CWebApplication.php(141): CWebApplication->runController('transaksitiket/...')
#22 C:\xampp\htdocs\Yii\framework\base\CApplication.php(180): CWebApplication->processRequest()
#23 C:\xampp\htdocs\ticketkeretaweb\index.php(13): CApplication->run()
#24 {main}
REQUEST_URI=/ticketkeretaweb/index.php?r=transaksitiket/create
HTTP_REFERER=http://localhost/ticketkeretaweb/index.php?r=transaksitiket/relasi
---
2014/06/07 15:36:27 [error] [exception.CException] exception 'CException' with message 'CActiveForm and its behaviors do not have a method or closure named "date_default_timezone_get".' in C:\xampp\htdocs\Yii\framework\base\CComponent.php:266
Stack trace:
#0 [internal function]: CComponent->__call('date_default_ti...', Array)
#1 C:\xampp\htdocs\ticketkeretaweb\protected\views\transaksiTiket\_form.php(56): CActiveForm->date_default_timezone_get(Object(TransaksiTiket), 'Tgl_Berangkat')
#2 C:\xampp\htdocs\Yii\framework\web\CBaseController.php(126): require('C:\xampp\htdocs...')
#3 C:\xampp\htdocs\Yii\framework\web\CBaseController.php(95): CBaseController->renderInternal('C:\xampp\htdocs...', Array, true)
#4 C:\xampp\htdocs\Yii\framework\web\CController.php(869): CBaseController->renderFile('C:\xampp\htdocs...', Array, true)
#5 C:\xampp\htdocs\ticketkeretaweb\protected\views\transaksiTiket\create.php(18): CController->renderPartial('_form', Array)
#6 C:\xampp\htdocs\Yii\framework\web\CBaseController.php(126): require('C:\xampp\htdocs...')
#7 C:\xampp\htdocs\Yii\framework\web\CBaseController.php(95): CBaseController->renderInternal('C:\xampp\htdocs...', Array, true)
#8 C:\xampp\htdocs\Yii\framework\web\CController.php(869): CBaseController->renderFile('C:\xampp\htdocs...', Array, true)
#9 C:\xampp\htdocs\Yii\framework\web\CController.php(782): CController->renderPartial('create', Array, true)
#10 C:\xampp\htdocs\ticketkeretaweb\protected\controllers\TransaksiTiketController.php(79): CController->render('create', Array)
#11 C:\xampp\htdocs\Yii\framework\web\actions\CInlineAction.php(49): TransaksiTiketController->actionCreate()
#12 C:\xampp\htdocs\Yii\framework\web\CController.php(308): CInlineAction->runWithParams(Array)
#13 C:\xampp\htdocs\Yii\framework\web\filters\CFilterChain.php(133): CController->runAction(Object(CInlineAction))
#14 C:\xampp\htdocs\Yii\framework\web\filters\CFilter.php(40): CFilterChain->run()
#15 C:\xampp\htdocs\Yii\framework\web\CController.php(1145): CFilter->filter(Object(CFilterChain))
#16 C:\xampp\htdocs\Yii\framework\web\filters\CInlineFilter.php(58): CController->filterAccessControl(Object(CFilterChain))
#17 C:\xampp\htdocs\Yii\framework\web\filters\CFilterChain.php(130): CInlineFilter->filter(Object(CFilterChain))
#18 C:\xampp\htdocs\Yii\framework\web\CController.php(291): CFilterChain->run()
#19 C:\xampp\htdocs\Yii\framework\web\CController.php(265): CController->runActionWithFilters(Object(CInlineAction), Array)
#20 C:\xampp\htdocs\Yii\framework\web\CWebApplication.php(282): CController->run('create')
#21 C:\xampp\htdocs\Yii\framework\web\CWebApplication.php(141): CWebApplication->runController('transaksitiket/...')
#22 C:\xampp\htdocs\Yii\framework\base\CApplication.php(180): CWebApplication->processRequest()
#23 C:\xampp\htdocs\ticketkeretaweb\index.php(13): CApplication->run()
#24 {main}
REQUEST_URI=/ticketkeretaweb/index.php?r=transaksitiket/create
HTTP_REFERER=http://localhost/ticketkeretaweb/index.php?r=transaksitiket/relasi
---
2014/06/07 15:36:33 [error] [exception.CException] exception 'CException' with message 'CActiveForm and its behaviors do not have a method or closure named "date".' in C:\xampp\htdocs\Yii\framework\base\CComponent.php:266
Stack trace:
#0 [internal function]: CComponent->__call('date', Array)
#1 C:\xampp\htdocs\ticketkeretaweb\protected\views\transaksiTiket\_form.php(56): CActiveForm->date(Object(TransaksiTiket), 'Tgl_Berangkat')
#2 C:\xampp\htdocs\Yii\framework\web\CBaseController.php(126): require('C:\xampp\htdocs...')
#3 C:\xampp\htdocs\Yii\framework\web\CBaseController.php(95): CBaseController->renderInternal('C:\xampp\htdocs...', Array, true)
#4 C:\xampp\htdocs\Yii\framework\web\CController.php(869): CBaseController->renderFile('C:\xampp\htdocs...', Array, true)
#5 C:\xampp\htdocs\ticketkeretaweb\protected\views\transaksiTiket\create.php(18): CController->renderPartial('_form', Array)
#6 C:\xampp\htdocs\Yii\framework\web\CBaseController.php(126): require('C:\xampp\htdocs...')
#7 C:\xampp\htdocs\Yii\framework\web\CBaseController.php(95): CBaseController->renderInternal('C:\xampp\htdocs...', Array, true)
#8 C:\xampp\htdocs\Yii\framework\web\CController.php(869): CBaseController->renderFile('C:\xampp\htdocs...', Array, true)
#9 C:\xampp\htdocs\Yii\framework\web\CController.php(782): CController->renderPartial('create', Array, true)
#10 C:\xampp\htdocs\ticketkeretaweb\protected\controllers\TransaksiTiketController.php(79): CController->render('create', Array)
#11 C:\xampp\htdocs\Yii\framework\web\actions\CInlineAction.php(49): TransaksiTiketController->actionCreate()
#12 C:\xampp\htdocs\Yii\framework\web\CController.php(308): CInlineAction->runWithParams(Array)
#13 C:\xampp\htdocs\Yii\framework\web\filters\CFilterChain.php(133): CController->runAction(Object(CInlineAction))
#14 C:\xampp\htdocs\Yii\framework\web\filters\CFilter.php(40): CFilterChain->run()
#15 C:\xampp\htdocs\Yii\framework\web\CController.php(1145): CFilter->filter(Object(CFilterChain))
#16 C:\xampp\htdocs\Yii\framework\web\filters\CInlineFilter.php(58): CController->filterAccessControl(Object(CFilterChain))
#17 C:\xampp\htdocs\Yii\framework\web\filters\CFilterChain.php(130): CInlineFilter->filter(Object(CFilterChain))
#18 C:\xampp\htdocs\Yii\framework\web\CController.php(291): CFilterChain->run()
#19 C:\xampp\htdocs\Yii\framework\web\CController.php(265): CController->runActionWithFilters(Object(CInlineAction), Array)
#20 C:\xampp\htdocs\Yii\framework\web\CWebApplication.php(282): CController->run('create')
#21 C:\xampp\htdocs\Yii\framework\web\CWebApplication.php(141): CWebApplication->runController('transaksitiket/...')
#22 C:\xampp\htdocs\Yii\framework\base\CApplication.php(180): CWebApplication->processRequest()
#23 C:\xampp\htdocs\ticketkeretaweb\index.php(13): CApplication->run()
#24 {main}
REQUEST_URI=/ticketkeretaweb/index.php?r=transaksitiket/create
HTTP_REFERER=http://localhost/ticketkeretaweb/index.php?r=transaksitiket/relasi
---
2014/06/14 15:06:34 [error] [exception.CHttpException.404] exception 'CHttpException' with message 'Unable to resolve the request "pembeli".' in C:\xampp\htdocs\Yii\framework\web\CWebApplication.php:286
Stack trace:
#0 C:\xampp\htdocs\Yii\framework\web\CWebApplication.php(141): CWebApplication->runController('pembeli')
#1 C:\xampp\htdocs\Yii\framework\base\CApplication.php(180): CWebApplication->processRequest()
#2 C:\xampp\htdocs\ticketkeretaweb\index.php(13): CApplication->run()
#3 {main}
REQUEST_URI=/ticketkeretaweb/index.php?r=pembeli
---
2014/06/14 15:07:26 [error] [exception.CHttpException.404] exception 'CHttpException' with message 'Unable to resolve the request "pembeli".' in C:\xampp\htdocs\Yii\framework\web\CWebApplication.php:286
Stack trace:
#0 C:\xampp\htdocs\Yii\framework\web\CWebApplication.php(141): CWebApplication->runController('pembeli')
#1 C:\xampp\htdocs\Yii\framework\base\CApplication.php(180): CWebApplication->processRequest()
#2 C:\xampp\htdocs\ticketkeretaweb\index.php(13): CApplication->run()
#3 {main}
REQUEST_URI=/ticketkeretaweb/index.php?r=pembeli
---
2014/06/14 15:07:53 [error] [exception.CHttpException.404] exception 'CHttpException' with message 'Unable to resolve the request "st_kb".' in C:\xampp\htdocs\Yii\framework\web\CWebApplication.php:286
Stack trace:
#0 C:\xampp\htdocs\Yii\framework\web\CWebApplication.php(141): CWebApplication->runController('st_kb')
#1 C:\xampp\htdocs\Yii\framework\base\CApplication.php(180): CWebApplication->processRequest()
#2 C:\xampp\htdocs\ticketkeretaweb\index.php(13): CApplication->run()
#3 {main}
REQUEST_URI=/ticketkeretaweb/index.php?r=st_kb
---
2014/06/14 15:09:05 [error] [exception.CHttpException.404] exception 'CHttpException' with message 'Unable to resolve the request "pembeli".' in C:\xampp\htdocs\Yii\framework\web\CWebApplication.php:286
Stack trace:
#0 C:\xampp\htdocs\Yii\framework\web\CWebApplication.php(141): CWebApplication->runController('pembeli')
#1 C:\xampp\htdocs\Yii\framework\base\CApplication.php(180): CWebApplication->processRequest()
#2 C:\xampp\htdocs\ticketkeretaweb\index.php(13): CApplication->run()
#3 {main}
REQUEST_URI=/ticketkeretaweb/index.php?r=pembeli
---
2014/07/18 22:25:59 [error] [exception.CHttpException.404] exception 'CHttpException' with message 'The system is unable to find the requested action "transaksitiket".' in C:\xampp\htdocs\Yii\framework\web\CController.php:483
Stack trace:
#0 C:\xampp\htdocs\Yii\framework\web\CController.php(270): CController->missingAction('transaksitiket')
#1 C:\xampp\htdocs\Yii\framework\web\CWebApplication.php(282): CController->run('transaksitiket')
#2 C:\xampp\htdocs\Yii\framework\web\CWebApplication.php(141): CWebApplication->runController('site/transaksit...')
#3 C:\xampp\htdocs\Yii\framework\base\CApplication.php(180): CWebApplication->processRequest()
#4 C:\xampp\htdocs\ticketkeretaweb\index.php(13): CApplication->run()
#5 {main}
REQUEST_URI=/ticketkeretaweb/index.php?r=site/transaksitiket
---
